<?xml version="1.0" encoding="UTF-8"?>
<!-- Generated by org.testng.reporters.JUnitXMLReporter -->
<testsuite ignored="3" hostname="Bharath" failures="0" tests="2" name="ChromeTest2" time="0.838" errors="0" timestamp="2025-08-24T10:22:58 IST">
  <testcase classname="testng.framework.concepts.ApplicationTest" name="TestCase3" time="0.005"/>
  <testcase classname="testng.framework.concepts.ApplicationTest" name="TestCase3" time="0.001"/>
  <testcase classname="testng.framework.concepts.ApplicationTest" name="TestCase4" time="0.0">
    <ignored/>
  </testcase> <!-- TestCase4 -->
  <testcase classname="testng.framework.concepts.ApplicationTest" name="TestCase1" time="0.0">
    <ignored/>
  </testcase> <!-- TestCase1 -->
  <testcase classname="testng.framework.concepts.ApplicationTest" name="TestCase2" time="0.0">
    <ignored/>
  </testcase> <!-- TestCase2 -->
</testsuite> <!-- ChromeTest2 -->
