<?xml version="1.0" encoding="UTF-8"?>
<!-- Generated by org.testng.reporters.JUnitXMLReporter -->
<testsuite ignored="1" hostname="Bharath" failures="0" tests="5" name="FirefoxTest" time="1.749" errors="0" timestamp="2025-08-24T10:17:58 IST">
  <testcase classname="testng.framework.concepts.ApplicationTest" name="TestCase3" time="0.008"/>
  <testcase classname="testng.framework.concepts.ApplicationTest" name="TestCase3" time="0.002"/>
  <testcase classname="testng.framework.concepts.ApplicationTest" name="TestCase1" time="1.007"/>
  <testcase classname="testng.framework.concepts.ApplicationTest" name="TestCase2" time="0.001"/>
  <testcase classname="testng.framework.concepts.ApplicationTest" name="TestCase2" time="0.001"/>
  <testcase classname="testng.framework.concepts.ApplicationTest" name="TestCase4" time="0.0">
    <ignored/>
  </testcase> <!-- TestCase4 -->
</testsuite> <!-- FirefoxTest -->
