<?xml version="1.0" encoding="UTF-8"?>
<!-- Generated by org.testng.reporters.JUnitXMLReporter -->
<testsuite ignored="2" hostname="Bharath" failures="0" tests="3" name="Test" time="1.07" errors="0" timestamp="2025-08-24T10:10:38 IST">
  <testcase classname="testng.framework.concepts.ApplicationTest" name="TestCase1" time="1.019"/>
  <testcase classname="testng.framework.concepts.ApplicationTest" name="TestCase2" time="0.002"/>
  <testcase classname="testng.framework.concepts.ApplicationTest" name="TestCase2" time="0.001"/>
  <testcase classname="testng.framework.concepts.ApplicationTest" name="TestCase4" time="0.0">
    <ignored/>
  </testcase> <!-- TestCase4 -->
  <testcase classname="testng.framework.concepts.ApplicationTest" name="TestCase3" time="0.0">
    <ignored/>
  </testcase> <!-- TestCase3 -->
</testsuite> <!-- Test -->
